Performing C SOURCE FILE Test CMAKE_HAVE_LIBC_PTHREAD failed with the following output:
Change Dir: /home/che/CLionProjects/pointcloudregistration/cmake-build-debug/CMakeFiles/CMakeTmp

Run Build Command(s):/usr/bin/make cmTC_da6d4/fast && /usr/bin/make -f CMakeFiles/cmTC_da6d4.dir/build.make CMakeFiles/cmTC_da6d4.dir/build
make[1]: 进入目录“/home/che/CLionProjects/pointcloudregistration/cmake-build-debug/CMakeFiles/CMakeTmp”
Building C object CMakeFiles/cmTC_da6d4.dir/src.c.o
/usr/bin/cc   -DCMAKE_HAVE_LIBC_PTHREAD   -o CMakeFiles/cmTC_da6d4.dir/src.c.o   -c /home/che/CLionProjects/pointcloudregistration/cmake-build-debug/CMakeFiles/CMakeTmp/src.c
Linking C executable cmTC_da6d4
/media/che/d50d8654-2b63-446e-ade6-def4b1656613/che/clion/clion-2020.1/bin/cmake/linux/bin/cmake -E cmake_link_script CMakeFiles/cmTC_da6d4.dir/link.txt --verbose=1
/usr/bin/cc  -DCMAKE_HAVE_LIBC_PTHREAD    -rdynamic CMakeFiles/cmTC_da6d4.dir/src.c.o  -o cmTC_da6d4 
CMakeFiles/cmTC_da6d4.dir/src.c.o：在函数‘main’中：
src.c:(.text+0x3e)：对‘pthread_create’未定义的引用
src.c:(.text+0x4a)：对‘pthread_detach’未定义的引用
src.c:(.text+0x5b)：对‘pthread_join’未定义的引用
src.c:(.text+0x6f)：对‘pthread_atfork’未定义的引用
collect2: error: ld returned 1 exit status
CMakeFiles/cmTC_da6d4.dir/build.make:86: recipe for target 'cmTC_da6d4' failed
make[1]: *** [cmTC_da6d4] Error 1
make[1]: 离开目录“/home/che/CLionProjects/pointcloudregistration/cmake-build-debug/CMakeFiles/CMakeTmp”
Makefile:121: recipe for target 'cmTC_da6d4/fast' failed
make: *** [cmTC_da6d4/fast] Error 2


Source file was:
#include <pthread.h>

void* test_func(void* data)
{
  return data;
}

int main(void)
{
  pthread_t thread;
  pthread_create(&thread, NULL, test_func, NULL);
  pthread_detach(thread);
  pthread_join(thread, NULL);
  pthread_atfork(NULL, NULL, NULL);
  pthread_exit(NULL);

  return 0;
}

Determining if the function pthread_create exists in the pthreads failed with the following output:
Change Dir: /home/che/CLionProjects/pointcloudregistration/cmake-build-debug/CMakeFiles/CMakeTmp

Run Build Command(s):/usr/bin/make cmTC_2f5f0/fast && /usr/bin/make -f CMakeFiles/cmTC_2f5f0.dir/build.make CMakeFiles/cmTC_2f5f0.dir/build
make[1]: 进入目录“/home/che/CLionProjects/pointcloudregistration/cmake-build-debug/CMakeFiles/CMakeTmp”
Building C object CMakeFiles/cmTC_2f5f0.dir/CheckFunctionExists.c.o
/usr/bin/cc   -DCHECK_FUNCTION_EXISTS=pthread_create   -o CMakeFiles/cmTC_2f5f0.dir/CheckFunctionExists.c.o   -c /media/che/d50d8654-2b63-446e-ade6-def4b1656613/che/clion/clion-2020.1/bin/cmake/linux/share/cmake-3.16/Modules/CheckFunctionExists.c
Linking C executable cmTC_2f5f0
/media/che/d50d8654-2b63-446e-ade6-def4b1656613/che/clion/clion-2020.1/bin/cmake/linux/bin/cmake -E cmake_link_script CMakeFiles/cmTC_2f5f0.dir/link.txt --verbose=1
/usr/bin/cc  -DCHECK_FUNCTION_EXISTS=pthread_create    -rdynamic CMakeFiles/cmTC_2f5f0.dir/CheckFunctionExists.c.o  -o cmTC_2f5f0  -lpthreads 
/usr/bin/ld: 找不到 -lpthreads
collect2: error: ld returned 1 exit status
CMakeFiles/cmTC_2f5f0.dir/build.make:86: recipe for target 'cmTC_2f5f0' failed
make[1]: *** [cmTC_2f5f0] Error 1
make[1]: 离开目录“/home/che/CLionProjects/pointcloudregistration/cmake-build-debug/CMakeFiles/CMakeTmp”
Makefile:121: recipe for target 'cmTC_2f5f0/fast' failed
make: *** [cmTC_2f5f0/fast] Error 2



